# JRE version: OpenJDK Runtime Environment (21.0.4) (build 21.0.4+-12508038-b607.1)
# Java VM: OpenJDK 64-Bit Server VM (21.0.4+-12508038-b607.1, mixed mode, tiered, compressed oops, compressed class ptrs, g1 gc, windows-amd64)
GC Precious Log:
 CardTable entry size: 512
 Card Set container configuration: InlinePtr #cards 5 size 8 Array Of Cards #cards 12 size 40 Howl #buckets 4 coarsen threshold 1843 Howl Bitmap #cards 512 size 80 coarsen threshold 460 Card regions per heap region 1 cards per card region 2048
 CPUs: 4 total, 4 available
 Memory: 7886M
 Large Page Support: Disabled
 NUMA Support: Disabled
 Compressed Oops: Enabled (32-bit)
 Heap Region Size: 1M
 Heap Min Capacity: 8M
 Heap Initial Capacity: 124M
 Heap Max Capacity: 2G
 Pre-touch: Disabled
 Parallel Workers: 4
 Concurrent Workers: 1
 Concurrent Refinement Workers: 4
 Periodic GC: Disabled
Heap:
 garbage-first heap   total 398336K, used 261698K [0x0000000080000000, 0x0000000100000000)
  region size 1024K, 39 young (39936K), 11 survivors (11264K)
 Metaspace       used 203043K, committed 205760K, reserved 1245184K
  class space    used 25928K, committed 27264K, reserved 1048576K
GC Heap History (20 events):
Event: 101.316 GC heap before
{Heap before GC invocations=70 (full 0):
 garbage-first heap   total 309248K, used 282036K [0x0000000080000000, 0x0000000100000000)
  region size 1024K, 123 young (125952K), 8 survivors (8192K)
 Metaspace       used 183997K, committed 186624K, reserved 1245184K
  class space    used 23337K, committed 24704K, reserved 1048576K
}
Event: 101.332 GC heap after
{Heap after GC invocations=71 (full 0):
 garbage-first heap   total 309248K, used 162036K [0x0000000080000000, 0x0000000100000000)
  region size 1024K, 8 young (8192K), 8 survivors (8192K)
 Metaspace       used 183997K, committed 186624K, reserved 1245184K
  class space    used 23337K, committed 24704K, reserved 1048576K
}
Event: 101.873 GC heap before
{Heap before GC invocations=71 (full 0):
 garbage-first heap   total 309248K, used 282868K [0x0000000080000000, 0x0000000100000000)
  region size 1024K, 127 young (130048K), 8 survivors (8192K)
 Metaspace       used 184039K, committed 186688K, reserved 1245184K
  class space    used 23337K, committed 24704K, reserved 1048576K
}
Event: 101.884 GC heap after
{Heap after GC invocations=72 (full 0):
 garbage-first heap   total 382976K, used 162912K [0x0000000080000000, 0x0000000100000000)
  region size 1024K, 9 young (9216K), 9 survivors (9216K)
 Metaspace       used 184039K, committed 186688K, reserved 1245184K
  class space    used 23337K, committed 24704K, reserved 1048576K
}
Event: 103.149 GC heap before
{Heap before GC invocations=73 (full 0):
 garbage-first heap   total 382976K, used 351328K [0x0000000080000000, 0x0000000100000000)
  region size 1024K, 194 young (198656K), 9 survivors (9216K)
 Metaspace       used 184075K, committed 186752K, reserved 1245184K
  class space    used 23337K, committed 24704K, reserved 1048576K
}
Event: 103.163 GC heap after
{Heap after GC invocations=74 (full 0):
 garbage-first heap   total 382976K, used 164084K [0x0000000080000000, 0x0000000100000000)
  region size 1024K, 10 young (10240K), 10 survivors (10240K)
 Metaspace       used 184075K, committed 186752K, reserved 1245184K
  class space    used 23337K, committed 24704K, reserved 1048576K
}
Event: 106.142 GC heap before
{Heap before GC invocations=74 (full 0):
 garbage-first heap   total 382976K, used 359668K [0x0000000080000000, 0x0000000100000000)
  region size 1024K, 193 young (197632K), 10 survivors (10240K)
 Metaspace       used 184330K, committed 187008K, reserved 1245184K
  class space    used 23373K, committed 24768K, reserved 1048576K
}
Event: 106.154 GC heap after
{Heap after GC invocations=75 (full 0):
 garbage-first heap   total 382976K, used 159975K [0x0000000080000000, 0x0000000100000000)
  region size 1024K, 8 young (8192K), 8 survivors (8192K)
 Metaspace       used 184330K, committed 187008K, reserved 1245184K
  class space    used 23373K, committed 24768K, reserved 1048576K
}
Event: 108.740 GC heap before
{Heap before GC invocations=75 (full 0):
 garbage-first heap   total 382976K, used 352487K [0x0000000080000000, 0x0000000100000000)
  region size 1024K, 197 young (201728K), 8 survivors (8192K)
 Metaspace       used 192082K, committed 194688K, reserved 1245184K
  class space    used 24453K, committed 25792K, reserved 1048576K
}
Event: 108.784 GC heap after
{Heap after GC invocations=76 (full 0):
 garbage-first heap   total 389120K, used 187100K [0x0000000080000000, 0x0000000100000000)
  region size 1024K, 25 young (25600K), 25 survivors (25600K)
 Metaspace       used 192082K, committed 194688K, reserved 1245184K
  class space    used 24453K, committed 25792K, reserved 1048576K
}
Event: 110.788 GC heap before
{Heap before GC invocations=77 (full 0):
 garbage-first heap   total 389120K, used 342748K [0x0000000080000000, 0x0000000100000000)
  region size 1024K, 178 young (182272K), 25 survivors (25600K)
 Metaspace       used 197665K, committed 200320K, reserved 1245184K
  class space    used 25318K, committed 26688K, reserved 1048576K
}
Event: 110.843 GC heap after
{Heap after GC invocations=78 (full 0):
 garbage-first heap   total 398336K, used 216064K [0x0000000080000000, 0x0000000100000000)
  region size 1024K, 23 young (23552K), 23 survivors (23552K)
 Metaspace       used 197665K, committed 200320K, reserved 1245184K
  class space    used 25318K, committed 26688K, reserved 1048576K
}
Event: 113.070 GC heap before
{Heap before GC invocations=78 (full 0):
 garbage-first heap   total 398336K, used 354304K [0x0000000080000000, 0x0000000100000000)
  region size 1024K, 158 young (161792K), 23 survivors (23552K)
 Metaspace       used 199902K, committed 202496K, reserved 1245184K
  class space    used 25491K, committed 26816K, reserved 1048576K
}
Event: 113.114 GC heap after
{Heap after GC invocations=79 (full 0):
 garbage-first heap   total 398336K, used 229376K [0x0000000080000000, 0x0000000100000000)
  region size 1024K, 15 young (15360K), 15 survivors (15360K)
 Metaspace       used 199902K, committed 202496K, reserved 1245184K
  class space    used 25491K, committed 26816K, reserved 1048576K
}
Event: 114.509 GC heap before
{Heap before GC invocations=79 (full 0):
 garbage-first heap   total 398336K, used 357376K [0x0000000080000000, 0x0000000100000000)
  region size 1024K, 140 young (143360K), 15 survivors (15360K)
 Metaspace       used 201319K, committed 203968K, reserved 1245184K
  class space    used 25687K, committed 27008K, reserved 1048576K
}
Event: 114.531 GC heap after
{Heap after GC invocations=80 (full 0):
 garbage-first heap   total 398336K, used 230912K [0x0000000080000000, 0x0000000100000000)
  region size 1024K, 2 young (2048K), 2 survivors (2048K)
 Metaspace       used 201319K, committed 203968K, reserved 1245184K
  class space    used 25687K, committed 27008K, reserved 1048576K
}
Event: 116.770 GC heap before
{Heap before GC invocations=81 (full 0):
 garbage-first heap   total 398336K, used 364032K [0x0000000080000000, 0x0000000100000000)
  region size 1024K, 132 young (135168K), 2 survivors (2048K)
 Metaspace       used 202341K, committed 204992K, reserved 1245184K
  class space    used 25818K, committed 27136K, reserved 1048576K
}
Event: 116.776 GC heap after
{Heap after GC invocations=82 (full 0):
 garbage-first heap   total 398336K, used 231644K [0x0000000080000000, 0x0000000100000000)
  region size 1024K, 3 young (3072K), 3 survivors (3072K)
 Metaspace       used 202341K, committed 204992K, reserved 1245184K
  class space    used 25818K, committed 27136K, reserved 1048576K
}
Event: 118.045 GC heap before
{Heap before GC invocations=82 (full 0):
 garbage-first heap   total 398336K, used 368860K [0x0000000080000000, 0x0000000100000000)
  region size 1024K, 137 young (140288K), 3 survivors (3072K)
 Metaspace       used 202880K, committed 205568K, reserved 1245184K
  class space    used 25916K, committed 27264K, reserved 1048576K
}
Event: 118.057 GC heap after
{Heap after GC invocations=83 (full 0):
 garbage-first heap   total 398336K, used 229493K [0x0000000080000000, 0x0000000100000000)
  region size 1024K, 3 young (3072K), 3 survivors (3072K)
 Metaspace       used 202880K, committed 205568K, reserved 1245184K
  class space    used 25916K, committed 27264K, reserved 1048576K
}

